<?xml version="1.0" encoding="UTF-8"?>
<!-- Generated by org.testng.reporters.JUnitReportReporter -->
<testsuite hostname="DESKTOP-BB34OQ0" failures="0" tests="8" name="projectGreen.AdactinHotelApp" time="99.270" errors="0" timestamp="2023-03-23T20:29:03 IST" skipped="0">
  <testcase classname="projectGreen.AdactinHotelApp" name="launchBrowserMethod" time="54.480"/>
  <system-out/>
  <testcase classname="projectGreen.AdactinHotelApp" name="launchApplicationMethod" time="8.074"/>
  <system-out/>
  <testcase classname="projectGreen.AdactinHotelApp" name="credentialPageApplicationMethod" time="4.415"/>
  <system-out/>
  <testcase classname="projectGreen.AdactinHotelApp" name="searchHotelPageMethod" time="4.544"/>
  <system-out/>
  <testcase classname="projectGreen.AdactinHotelApp" name="searchHotelSummaryPageMethod" time="3.982"/>
  <system-out/>
  <testcase classname="projectGreen.AdactinHotelApp" name="bookAHotelPageMethod" time="9.632"/>
  <system-out/>
  <testcase classname="projectGreen.AdactinHotelApp" name="bookingConfirmationMethod" time="1.467"/>
  <system-out/>
  <testcase classname="projectGreen.AdactinHotelApp" name="bookedItineraryMethod" time="12.676"/>
  <system-out/>
</testsuite> <!-- projectGreen.AdactinHotelApp -->
