<?xml version="1.0" encoding="UTF-8"?>
<!-- Generated by org.testng.reporters.JUnitReportReporter -->
<testsuite hostname="DESKTOP-BB34OQ0" failures="0" tests="3" name="projectGreen.TestNGAssertion" time="3.635" errors="0" timestamp="2023-01-29T22:50:09 IST" skipped="0">
  <testcase classname="projectGreen.TestNGAssertion" name="currentURLAssertMethod" time="0.027"/>
  <system-out/>
  <testcase classname="projectGreen.TestNGAssertion" name="loginCredential" time="2.660"/>
  <system-out/>
  <testcase classname="projectGreen.TestNGAssertion" name="assertUrlTitleMethod" time="0.948"/>
  <system-out/>
</testsuite> <!-- projectGreen.TestNGAssertion -->
